Launching Minecraft!..
Bootstrap started
Looking for update
Downloading: https://s3.amazonaws.com/Minecraft.Download/launcher/launcher.pack.lzma
Got reply in: 888ms
No update found.
Reversing LZMA on /home/eric/.minecraft/launcher.pack.lzma to /home/eric/.minecraft/launcher.pack
Unpacking /home/eric/.minecraft/launcher.pack to /home/eric/.minecraft/launcher.jar
Cleaning up /home/eric/.minecraft/launcher.pack
Starting launcher.
Launcher 1.0.8 (through bootstrap 4) started on linux...
System.getProperty('os.name') == 'Linux'
System.getProperty('os.version') == '3.8.11-1-ARCH'
System.getProperty('os.arch') == 'i386'
System.getProperty('java.version') == '1.7.0_21'
System.getProperty('java.vendor') == 'Oracle Corporation'
Loaded 1 profile(s); selected '(Default)'
Trying to log in...
Logging in with access token
Logged in successfully
Delta time to compare resources: 1515 ms 
Download job 'Resources' skipped as there are no files to download
Job 'Resources' finished successfully
Getting syncinfo for selected version
Queueing library & version downloads
Download job 'Version & Libraries' started (8 threads, 19 files)
Finished downloading /home/eric/.minecraft/libraries/commons-io/commons-io/2.4/commons-io-2.4.jar for job 'Version & Libraries': Used own copy as it matched etag
Finished downloading /home/eric/.minecraft/libraries/net/java/jinput/jinput/2.0.5/jinput-2.0.5.jar for job 'Version & Libraries': Used own copy as it matched etag
Finished downloading /home/eric/.minecraft/libraries/net/java/jinput/jinput-platform/2.0.5/jinput-platform-2.0.5-natives-linux.jar for job 'Version & Libraries': Used own copy as it matched etag
Finished downloading /home/eric/.minecraft/libraries/org/lwjgl/lwjgl/lwjgl/2.9.0/lwjgl-2.9.0.jar for job 'Version & Libraries': Used own copy as it matched etag
Finished downloading /home/eric/.minecraft/libraries/org/lwjgl/lwjgl/lwjgl-platform/2.9.0/lwjgl-platform-2.9.0-natives-linux.jar for job 'Version & Libraries': Used own copy as it matched etag
Finished downloading /home/eric/.minecraft/libraries/com/paulscode/codecjorbis/20101023/codecjorbis-20101023.jar for job 'Version & Libraries': Used own copy as it matched etag
Finished downloading /home/eric/.minecraft/libraries/net/java/jutils/jutils/1.0.0/jutils-1.0.0.jar for job 'Version & Libraries': Used own copy as it matched etag
Finished downloading /home/eric/.minecraft/libraries/org/bouncycastle/bcprov-jdk15on/1.47/bcprov-jdk15on-1.47.jar for job 'Version & Libraries': Used own copy as it matched etag
Finished downloading /home/eric/.minecraft/libraries/com/paulscode/librarylwjglopenal/20100824/librarylwjglopenal-20100824.jar for job 'Version & Libraries': Used own copy as it matched etag
Finished downloading /home/eric/.minecraft/libraries/com/paulscode/soundsystem/20120107/soundsystem-20120107.jar for job 'Version & Libraries': Used own copy as it matched etag
Finished downloading /home/eric/.minecraft/libraries/com/google/code/gson/gson/2.2.2/gson-2.2.2.jar for job 'Version & Libraries': Used own copy as it matched etag
Finished downloading /home/eric/.minecraft/libraries/org/apache/commons/commons-lang3/3.1/commons-lang3-3.1.jar for job 'Version & Libraries': Used own copy as it matched etag
Finished downloading /home/eric/.minecraft/libraries/com/paulscode/codecwav/20101023/codecwav-20101023.jar for job 'Version & Libraries': Used own copy as it matched etag
Finished downloading /home/eric/.minecraft/libraries/org/lwjgl/lwjgl/lwjgl_util/2.9.0/lwjgl_util-2.9.0.jar for job 'Version & Libraries': Used own copy as it matched etag
Finished downloading /home/eric/.minecraft/libraries/com/paulscode/libraryjavasound/20101123/libraryjavasound-20101123.jar for job 'Version & Libraries': Used own copy as it matched etag
Finished downloading /home/eric/.minecraft/versions/1.6.1/1.6.1.jar for job 'Version & Libraries': Used own copy as it matched etag
Finished downloading /home/eric/.minecraft/libraries/com/google/guava/guava/14.0/guava-14.0.jar for job 'Version & Libraries': Used own copy as it matched etag
Finished downloading /home/eric/.minecraft/libraries/net/sf/jopt-simple/jopt-simple/4.5/jopt-simple-4.5.jar for job 'Version & Libraries': Used own copy as it matched etag
Finished downloading /home/eric/.minecraft/libraries/argo/argo/2.25_fixed/argo-2.25_fixed.jar for job 'Version & Libraries': Used own copy as it matched etag
Job 'Version & Libraries' finished successfully
Launching game
Looking for old natives to clean up...
Unpacking natives to /home/eric/.minecraft/versions/1.6.1/1.6.1-natives-34093529831325
Launching in /home/eric/.minecraft
Running /usr/lib/jvm/java-7-openjdk/jre/bin/java -Xmx1G -Djava.library.path=/home/eric/.minecraft/versions/1.6.1/1.6.1-natives-34093529831325 -cp /home/eric/.minecraft/libraries/net/sf/jopt-simple/jopt-simple/4.5/jopt-simple-4.5.jar:/home/eric/.minecraft/libraries/com/paulscode/codecjorbis/20101023/codecjorbis-20101023.jar:/home/eric/.minecraft/libraries/com/paulscode/codecwav/20101023/codecwav-20101023.jar:/home/eric/.minecraft/libraries/com/paulscode/libraryjavasound/20101123/libraryjavasound-20101123.jar:/home/eric/.minecraft/libraries/com/paulscode/librarylwjglopenal/20100824/librarylwjglopenal-20100824.jar:/home/eric/.minecraft/libraries/com/paulscode/soundsystem/20120107/soundsystem-20120107.jar:/home/eric/.minecraft/libraries/org/lwjgl/lwjgl/lwjgl/2.9.0/lwjgl-2.9.0.jar:/home/eric/.minecraft/libraries/org/lwjgl/lwjgl/lwjgl_util/2.9.0/lwjgl_util-2.9.0.jar:/home/eric/.minecraft/libraries/argo/argo/2.25_fixed/argo-2.25_fixed.jar:/home/eric/.minecraft/libraries/org/bouncycastle/bcprov-jdk15on/1.47/bcprov-jdk15on-1.47.jar:/home/eric/.minecraft/libraries/com/google/guava/guava/14.0/guava-14.0.jar:/home/eric/.minecraft/libraries/org/apache/commons/commons-lang3/3.1/commons-lang3-3.1.jar:/home/eric/.minecraft/libraries/commons-io/commons-io/2.4/commons-io-2.4.jar:/home/eric/.minecraft/libraries/net/java/jinput/jinput/2.0.5/jinput-2.0.5.jar:/home/eric/.minecraft/libraries/net/java/jutils/jutils/1.0.0/jutils-1.0.0.jar:/home/eric/.minecraft/libraries/com/google/code/gson/gson/2.2.2/gson-2.2.2.jar:/home/eric/.minecraft/versions/1.6.1/1.6.1.jar net.minecraft.client.main.Main --username Hostbot_ --session token:1db95d7ac74a4227841d20a84d172d8c:59070aa182324b3f88d656ff371f0b56 --version 1.6.1 --gameDir /home/eric/.minecraft --assetsDir /home/eric/.minecraft/assets
---- YOU CAN CLOSE THIS LAUNCHER IF THE GAME STARTED OK ----
---- YOU CAN CLOSE THIS LAUNCHER IF THE GAME STARTED OK ----
---- YOU CAN CLOSE THIS LAUNCHER IF THE GAME STARTED OK ----
---- (We'll do this automatically later ;D) ----
Client> 2013-07-03 16:24:03 [CLIENT] [INFO] Setting user: Hostbot_
Client> 2013-07-03 16:24:03 [CLIENT] [INFO] (Session ID is token:1db95d7ac74a4227841d20a84d172d8c:59070aa182324b3f88d656ff371f0b56)
Client> 2013-07-03 16:24:04 [CLIENT] [INFO] LWJGL Version: 2.9.0
Client> 2013-07-03 16:24:05 [CLIENT] [INFO] Reloading ResourceManager: Default
Client> 
Client> Starting up SoundSystem...
Client> Initializing LWJGL OpenAL
Client>     (The LWJGL binding of OpenAL.  For more information, see http://www.lwjgl.org)
Client> OpenAL initialized.
Client> 
Client> 2013-07-03 16:27:26 [CLIENT] [INFO] Connecting to ercx.info, 25565
Client> Setting up custom skins
Client> 2013-07-03 16:27:28 [CLIENT] [INFO] [CHAT] [MCPainter]You have the latest version of the plugin.
Client> 2013-07-03 16:27:28 [CLIENT] [INFO] [CHAT] [MCPainter]Please update your config file!
Client> 2013-07-03 16:27:28 [CLIENT] [INFO] [CHAT] [mcMMO] Running version 1.4.06-beta5-b2062
Client> 2013-07-03 16:27:28 [CLIENT] [INFO] [CHAT] [mcMMO Perks] Experience: Receive 4x XP.
Client> 2013-07-03 16:27:28 [CLIENT] [INFO] [CHAT] [mcMMO Perks] Fast Recovery: Cuts cooldown duration by 50.00%.
Client> 2013-07-03 16:27:28 [CLIENT] [INFO] [CHAT] [mcMMO Perks] Endurance: Increases ability activation time by 12 seconds.
Client> 2013-07-03 16:27:28 [CLIENT] [INFO] [CHAT] [mcMMO Perks] Luck: Gives certain skills and abilities a 33.3% better chance to activate.
Client> 2013-07-03 16:27:28 [CLIENT] [INFO] [CHAT] [mcMMO] http://dev.bukkit.org/server-mods/mcmmo/ - mcMMO Website
Client> 2013-07-03 16:27:28 [CLIENT] [INFO] [CHAT] Hostbot_ joined the game.
Client> 2013-07-03 16:27:29 [CLIENT] [INFO] [CHAT] Welcome, [ServHost]~Pinhead!
Client> 2013-07-03 16:27:29 [CLIENT] [INFO] [CHAT] Type /help for a list of commands.
Client> 2013-07-03 16:27:29 [CLIENT] [INFO] [CHAT] Currently online: [ServHost]~Pinhead
Client> 2013-07-03 16:27:29 [CLIENT] [INFO] [CHAT] You have no new mail.
Client> 2013-07-03 16:27:29 [CLIENT] [INFO] [CHAT] Set fly mode enabled for [ServHost]~Pinhead.
Client> Setting up custom skins
Client> Setting up custom skins
Client> Setting up custom skins
Client> Setting up custom skins
Client> Setting up custom skins
Client> Setting up custom skins
Client> Setting up custom skins
Client> Setting up custom skins
Client> Setting up custom skins
Client> Setting up custom skins
Client> Setting up custom skins
Client> Setting up custom skins
Client> Setting up custom skins
Client> Setting up custom skins
Client> Setting up custom skins
Client> Setting up custom skins
Client> Setting up custom skins
Client> 2013-07-03 16:27:39 [CLIENT] [INFO] [CHAT] You set the weather to sun in world.
Client> 2013-07-03 16:27:43 [CLIENT] [INFO] [CHAT] The time was set to 06:54 or 6:54AM or 900ticks. in: world.
Client> 2013-07-03 16:28:00 [CLIENT] [INFO] [CHAT] Warping to pvp1.
Client> 2013-07-03 16:28:01 [CLIENT] [INFO] [CHAT] Warping to pvp.
Client> 2013-07-03 16:28:11 [CLIENT] [INFO] [CHAT] Warping to pvp.
Client> 2013-07-03 16:28:12 [CLIENT] [INFO] [CHAT] Warping to pvp1.
Client> 2013-07-03 16:28:27 [CLIENT] [INFO] [CHAT] Warping to pvp1.
Client> 2013-07-03 16:28:48 [CLIENT] [INFO] [CHAT] Warping to pvp1.
Client> 2013-07-03 16:28:49 [CLIENT] [INFO] [CHAT] Warping to pvp.
Client> Setting up custom skins
Client> Setting up custom skins
Client> Setting up custom skins
Client> Setting up custom skins
Client> Setting up custom skins
Client> Setting up custom skins
Client> Setting up custom skins
Client> Setting up custom skins
Client> Setting up custom skins
Client> Setting up custom skins
Client> Setting up custom skins
Client> Setting up custom skins
Client> Setting up custom skins
Client> Setting up custom skins
Client> Setting up custom skins
Client> Setting up custom skins
Client> Setting up custom skins
Client> Setting up custom skins
Client> Setting up custom skins
Client> Setting up custom skins
Client> Setting up custom skins
Client> Setting up custom skins
Client> Setting up custom skins
Client> Setting up custom skins
Client> Setting up custom skins
Client> 2013-07-03 16:36:34 [CLIENT] [INFO] [CHAT] [ServHost]~Pinhead is now AFK.
Client> 2013-07-03 16:44:20 [CLIENT] [SEVERE] Reached end of stream for ercx.info/109.169.73.105
Client> 2013-07-03 16:44:45 [CLIENT] [INFO] Connecting to 68.193.204.138, 25555
Client> Setting up custom skins
Client> 2013-07-03 16:44:46 [CLIENT] [INFO] [CHAT] Hostbot_ joined the game.
Client> Setting up custom skins
Client> 2013-07-03 16:44:46 [CLIENT] [INFO] [CHAT] Welcome, ~e!
Client> 2013-07-03 16:44:46 [CLIENT] [INFO] [CHAT] Type /help for a list of commands.
Client> 2013-07-03 16:44:46 [CLIENT] [INFO] [CHAT] Currently online: Cliff_92, dragonslayer4480, ~e
Client> 2013-07-03 16:44:46 [CLIENT] [INFO] [CHAT] You have no new mail.
Client> 2013-07-03 16:45:02 [CLIENT] [INFO] [CHAT] <Cliff_92> pedro where r u
Client> 2013-07-03 16:45:17 [CLIENT] [INFO] [CHAT] <dragonslayer4480> at another nether portal
Client> 2013-07-03 16:45:23 [CLIENT] [INFO] [CHAT] <Cliff_92> im coming 4 u
Client> 2013-07-03 16:45:39 [CLIENT] [INFO] [CHAT] <dragonslayer4480> hurry
Client> 2013-07-03 16:45:57 [CLIENT] [INFO] [CHAT] <dragonslayer4480> are you in
Client> 2013-07-03 16:46:04 [CLIENT] [INFO] [CHAT] <Cliff_92> no
Client> 2013-07-03 16:46:07 [CLIENT] [INFO] [CHAT] <dragonslayer4480> cliff
Client> 2013-07-03 16:46:10 [CLIENT] [INFO] [CHAT] <Cliff_92> yes
Client> 2013-07-03 16:46:17 [CLIENT] [INFO] [CHAT] <~e> wenis
Client> 2013-07-03 16:46:30 [CLIENT] [INFO] [CHAT] <dragonslayer4480> look for a second portal
Client> 2013-07-03 16:46:36 [CLIENT] [INFO] [CHAT] <Cliff_92> ik wher it is
Client> 2013-07-03 16:47:13 [CLIENT] [INFO] [CHAT] <Cliff_92> pedro get out im there
Client> 2013-07-03 16:47:31 [CLIENT] [INFO] [CHAT] <dragonslayer4480> i`m a t spawner
Client> 2013-07-03 16:47:56 [CLIENT] [INFO] [CHAT] <dragonslayer4480> get over here
Client> 2013-07-03 16:48:04 [CLIENT] [INFO] [CHAT] <Cliff_92> im not going to the nether
Client> 2013-07-03 16:48:22 [CLIENT] [INFO] [CHAT] <dragonslayer4480> the spawner i`m there whweer are you
Client> 2013-07-03 16:48:30 [CLIENT] [INFO] [CHAT] <Cliff_92> gwt out hes in there
Client> Setting up custom skins
Client> Setting up custom skins
Client> 2013-07-03 16:51:31 [CLIENT] [INFO] [CHAT] <dragonslayer4480> damn that was arush
Client> 2013-07-03 16:51:34 [CLIENT] [INFO] [CHAT] <Cliff_92> yea
Client> 2013-07-03 16:52:02 [CLIENT] [INFO] [CHAT] Plugins (10): TimTheEnchanter, SkyDiver, HerobrineAI, WorldEdit, Weed, Essentials, EssentialsChat, EssentialsProtect, EssentialsSpawn, EssentialsAntiBuild
Client> 2013-07-03 16:53:19 [CLIENT] [INFO] [CHAT] <dragonslayer4480> cliff herobrine`s army is here
Client> 2013-07-03 16:53:36 [CLIENT] [INFO] [CHAT] <Cliff_92> woa
Client> 2013-07-03 16:54:32 [CLIENT] [INFO] [CHAT] <dragonslayer4480> sorry
Client> 2013-07-03 16:54:35 [CLIENT] [INFO] [CHAT] <Cliff_92> its k
Client> 2013-07-03 16:55:02 [CLIENT] [INFO] [CHAT] <Cliff_92> sorry
Client> 2013-07-03 16:55:15 [CLIENT] [INFO] [CHAT] <dragonslayer4480> it`s k
Client> 2013-07-03 16:58:37 [CLIENT] [INFO] [CHAT] <Cliff_92> pedro
Client> 2013-07-03 16:58:42 [CLIENT] [INFO] [CHAT] <Cliff_92> I am going to restart the server
Client> 2013-07-03 16:58:43 [CLIENT] [INFO] [CHAT] <dragonslayer4480> yesd
Client> 2013-07-03 16:58:47 [CLIENT] [INFO] [CHAT] <Cliff_92> so come back on in 1 minute
Client> 2013-07-03 16:58:49 [CLIENT] [INFO] [CHAT] Cliff_92 left the game.
Client> 2013-07-03 16:59:38 [CLIENT] [INFO] [CHAT] <~e> yolo
Client> 2013-07-03 16:59:43 [CLIENT] [INFO] [CHAT] Cliff_92 joined the game.
Client> Setting up custom skins
Client> 2013-07-03 16:59:46 [CLIENT] [INFO] [CHAT] <~e> the server reloaded
Client> 2013-07-03 16:59:49 [CLIENT] [INFO] [CHAT] Plugins (11): TimTheEnchanter, SkyDiver, HerobrineAI, WorldEdit, Weed, mcMMO, Essentials, EssentialsChat, EssentialsProtect, EssentialsSpawn, EssentialsAntiBuild
Client> 2013-07-03 17:00:00 [CLIENT] [INFO] [CHAT] **YOU READY YOUR SWORD**
Client> 2013-07-03 17:00:04 [CLIENT] [INFO] [CHAT] **YOU LOWER YOUR SWORD**
Client> 2013-07-03 17:00:04 [CLIENT] [INFO] [CHAT] Use the /back command to return to your death point.
Client> 2013-07-03 17:00:04 [CLIENT] [INFO] [CHAT] Hostbot_ was slain by Cliff_92
Client> Setting up custom skins
Client> Setting up custom skins
Client> Setting up custom skins
Client> Setting up custom skins
Client> 2013-07-03 17:01:41 [CLIENT] [INFO] [CHAT] Use the /back command to return to your death point.
Client> 2013-07-03 17:01:41 [CLIENT] [INFO] [CHAT] Hostbot_ was doomed to fall by Cliff_92
Client> Setting up custom skins
Client> Setting up custom skins
Client> Setting up custom skins
Client> Setting up custom skins
Client> Setting up custom skins
Client> 2013-07-03 17:01:57 [CLIENT] [INFO] [CHAT] <Cliff_92> pedro eric set it so that when u die u dont loose ur stuff
Client> 2013-07-03 17:01:58 [CLIENT] [INFO] [CHAT] **YOU READY YOUR SWORD**
Client> 2013-07-03 17:01:59 [CLIENT] [INFO] [CHAT] **SERRATED STRIKES ACTIVATED**
Client> 2013-07-03 17:02:01 [CLIENT] [INFO] [CHAT] **Serrated Strikes has worn off**
Client> 2013-07-03 17:02:14 [CLIENT] [INFO] [CHAT] <dragonslayer4480> cool thanks hostbot
Client> 2013-07-03 17:02:21 [CLIENT] [INFO] [CHAT] <~e> yep
Client> 2013-07-03 17:02:31 [CLIENT] [INFO] [CHAT] Cliff_92 fell from a high place
Client> Setting up custom skins
Client> 2013-07-03 17:02:37 [CLIENT] [INFO] [CHAT] You are too tired to use that ability again. (203s)
Client> 2013-07-03 17:02:46 [CLIENT] [INFO] [CHAT] Cliff_92 has used Serrated Strikes!
Client> 2013-07-03 17:02:47 [CLIENT] [INFO] [CHAT] Serrated Strikes has worn off for Cliff_92
Client> 2013-07-03 17:02:54 [CLIENT] [INFO] [CHAT] The bleeding has stopped!
Client> 2013-07-03 17:02:59 [CLIENT] [INFO] [CHAT] Use the /back command to return to your death point.
Client> 2013-07-03 17:02:59 [CLIENT] [INFO] [CHAT] Hostbot_ was slain by Cliff_92
Client> Setting up custom skins
Client> Setting up custom skins
Client> Setting up custom skins
Client> Setting up custom skins
Client> 2013-07-03 17:03:05 [CLIENT] [INFO] [CHAT] <dragonslayer4480> what the fuck was that
Client> 2013-07-03 17:03:11 [CLIENT] [INFO] [CHAT] <Cliff_92> wat
Client> 2013-07-03 17:03:11 [CLIENT] [INFO] [CHAT] <~e> its a special ability
Client> 2013-07-03 17:03:19 [CLIENT] [INFO] [CHAT] <dragonslayer4480> oh
Client> 2013-07-03 17:03:20 [CLIENT] [INFO] [CHAT] <~e> i got a plugin to do that
Client> 2013-07-03 17:03:22 [CLIENT] [INFO] [CHAT] You are too tired to use that ability again. (157s)
Client> 2013-07-03 17:03:22 [CLIENT] [INFO] [CHAT] You are too tired to use that ability again. (157s)
Client> 2013-07-03 17:03:23 [CLIENT] [INFO] [CHAT] You are too tired to use that ability again. (157s)
Client> 2013-07-03 17:03:23 [CLIENT] [INFO] [CHAT] You are too tired to use that ability again. (157s)
Client> 2013-07-03 17:03:24 [CLIENT] [INFO] [CHAT] Use the /back command to return to your death point.
Client> 2013-07-03 17:03:24 [CLIENT] [INFO] [CHAT] Hostbot_ was slain by Cliff_92
Client> Setting up custom skins
Client> Setting up custom skins
Client> Setting up custom skins
Client> Setting up custom skins
Client> 2013-07-03 17:03:27 [CLIENT] [INFO] [CHAT] <dragonslayer4480> cool
Client> 2013-07-03 17:03:55 [CLIENT] [INFO] [CHAT] You are too tired to use that ability again. (125s)
Client> 2013-07-03 17:03:55 [CLIENT] [INFO] [CHAT] You are too tired to use that ability again. (125s)
Client> 2013-07-03 17:03:57 [CLIENT] [INFO] [CHAT] dragonslayer4480 was slain by Hostbot_
Client> Setting up custom skins
Client> 2013-07-03 17:04:02 [CLIENT] [INFO] [CHAT] <~e> oops
Client> 2013-07-03 17:04:15 [CLIENT] [INFO] [CHAT] <dragonslayer4480> its
Client> 2013-07-03 17:04:24 [CLIENT] [INFO] [CHAT] <dragonslayer4480> It`s k
Client> 2013-07-03 17:04:27 [CLIENT] [INFO] [CHAT] Use the /back command to return to your death point.
Client> 2013-07-03 17:04:27 [CLIENT] [INFO] [CHAT] Hostbot_ was slain by Cliff_92
Client> Setting up custom skins
Client> Setting up custom skins
Client> Setting up custom skins
Client> Setting up custom skins
Client> 2013-07-03 17:04:52 [CLIENT] [INFO] [CHAT] Returning to previous location.
Client> 2013-07-03 17:05:15 [CLIENT] [INFO] [CHAT] <dragonslayer4480> can you spawn some horses and donkeys hostbot
Client> 2013-07-03 17:05:21 [CLIENT] [INFO] [CHAT] <~e> nope
Client> 2013-07-03 17:05:24 [CLIENT] [INFO] [CHAT] <~e> i dont have op
Client> 2013-07-03 17:05:27 [CLIENT] [INFO] [CHAT] <Cliff_92> pedro theres no ops
Client> 2013-07-03 17:05:27 [CLIENT] [INFO] [CHAT] <dragonslayer4480> please
Client> 2013-07-03 17:05:30 [CLIENT] [INFO] [CHAT] You do not have access to that command.
Client> 2013-07-03 17:05:30 [CLIENT] [INFO] [CHAT] <Cliff_92> NO
Client> 2013-07-03 17:05:35 [CLIENT] [INFO] [CHAT] <Cliff_92> pedro no ops
Client> 2013-07-03 17:05:37 [CLIENT] [INFO] [CHAT] <Cliff_92> no cheating
Client> 2013-07-03 17:05:39 [CLIENT] [INFO] [CHAT] <dragonslayer4480> ooohhh right
Client> 2013-07-03 17:06:01 [CLIENT] [INFO] [CHAT] Your Serrated Strikes ability is refreshed!
Client> 2013-07-03 17:06:02 [CLIENT] [INFO] [CHAT] <dragonslayer4480> do you have your leash cliff
Client> 2013-07-03 17:06:07 [CLIENT] [INFO] [CHAT] <Cliff_92> no it broke
Client> 2013-07-03 17:06:27 [CLIENT] [INFO] [CHAT] **YOU READY YOUR SWORD**
Client> 2013-07-03 17:06:28 [CLIENT] [INFO] [CHAT] **SERRATED STRIKES ACTIVATED**
Client> 2013-07-03 17:06:30 [CLIENT] [INFO] [CHAT] **Serrated Strikes has worn off**
Client> 2013-07-03 17:06:38 [CLIENT] [INFO] [CHAT] <dragonslayer4480> who siad that
Client> 2013-07-03 17:06:42 [CLIENT] [INFO] [CHAT] <Cliff_92> wat
Client> 2013-07-03 17:06:55 [CLIENT] [INFO] [CHAT] <dragonslayer4480> READT YOUR SWORD
Client> 2013-07-03 17:07:04 [CLIENT] [INFO] [CHAT] dragonslayer4480 was slain by Cliff_92
Client> Setting up custom skins
Client> 2013-07-03 17:07:17 [CLIENT] [INFO] [CHAT] <Cliff_92> u said ready your swords
Client> 2013-07-03 17:07:29 [CLIENT] [INFO] [CHAT] <~e> its part of the plugin nignog
Client> 2013-07-03 17:07:35 [CLIENT] [INFO] [CHAT] <dragonslayer4480> wow what a troll
Client> 2013-07-03 17:07:40 [CLIENT] [INFO] [CHAT] <~e> wat
Client> 2013-07-03 17:07:43 [CLIENT] [INFO] [CHAT] <~e> u stupid
Client> 2013-07-03 17:07:47 [CLIENT] [INFO] [CHAT] <Cliff_92> lol u said ready your swords
Client> 2013-07-03 17:07:54 [CLIENT] [INFO] [CHAT] <~e> have u been sniffing pedro?
Client> 2013-07-03 17:08:22 [CLIENT] [INFO] [CHAT] <dragonslayer4480> no look at the green and purple letters
Client> Setting up custom skins
Client> Setting up custom skins
Client> 2013-07-03 17:08:29 [CLIENT] [INFO] [CHAT] <~e> yes
Client> 2013-07-03 17:08:35 [CLIENT] [INFO] [CHAT] <~e> the plugin does that
Client> 2013-07-03 17:08:41 [CLIENT] [INFO] [CHAT] You are too tired to use that ability again. (107s)
Client> 2013-07-03 17:08:49 [CLIENT] [INFO] [CHAT] <dragonslayer4480> oh
Client> 2013-07-03 17:09:02 [CLIENT] [INFO] [CHAT] Use the /back command to return to your death point.
Client> 2013-07-03 17:09:02 [CLIENT] [INFO] [CHAT] Hostbot_ tried to swim in lava
Client> Setting up custom skins
Client> Setting up custom skins
Client> Setting up custom skins
Client> Setting up custom skins
Client> 2013-07-03 17:09:22 [CLIENT] [INFO] [CHAT] **YOU READY YOUR FISTS**
Client> 2013-07-03 17:09:26 [CLIENT] [INFO] [CHAT] **YOU LOWER YOUR FISTS**
Client> 2013-07-03 17:10:30 [CLIENT] [INFO] [CHAT] Your Serrated Strikes ability is refreshed!
Client> 2013-07-03 17:10:32 [CLIENT] [INFO] [CHAT] **YOU READY YOUR FISTS**
Client> 2013-07-03 17:10:36 [CLIENT] [INFO] [CHAT] **YOU LOWER YOUR FISTS**
Client> 2013-07-03 17:11:00 [CLIENT] [INFO] [CHAT] dragonslayer4480 left the game.
Client> 2013-07-03 17:11:07 [CLIENT] [INFO] [CHAT] dragonslayer4480 joined the game.
Client> Setting up custom skins
Client> 2013-07-03 17:12:42 [CLIENT] [INFO] [CHAT] **YOU READY YOUR FISTS**
Client> 2013-07-03 17:12:42 [CLIENT] [INFO] [CHAT] **BERSERK ACTIVATED**
Client> 2013-07-03 17:12:44 [CLIENT] [INFO] [CHAT] **Berserk has worn off**
Client> 2013-07-03 17:12:57 [CLIENT] [INFO] [CHAT] You are too tired to use that ability again. (227s)
Client> 2013-07-03 17:12:57 [CLIENT] [INFO] [CHAT] You are too tired to use that ability again. (227s)
Client> 2013-07-03 17:12:57 [CLIENT] [INFO] [CHAT] You are too tired to use that ability again. (227s)
Client> 2013-07-03 17:13:11 [CLIENT] [INFO] [CHAT] You are too tired to use that ability again. (213s)
Client> 2013-07-03 17:13:11 [CLIENT] [INFO] [CHAT] You are too tired to use that ability again. (213s)
Client> 2013-07-03 17:13:11 [CLIENT] [INFO] [CHAT] You are too tired to use that ability again. (213s)
Client> 2013-07-03 17:13:11 [CLIENT] [INFO] [CHAT] You are too tired to use that ability again. (213s)
Client> 2013-07-03 17:13:11 [CLIENT] [INFO] [CHAT] You are too tired to use that ability again. (213s)
Client> 2013-07-03 17:13:11 [CLIENT] [INFO] [CHAT] You are too tired to use that ability again. (213s)
Client> 2013-07-03 17:13:11 [CLIENT] [INFO] [CHAT] You are too tired to use that ability again. (213s)
Client> 2013-07-03 17:13:12 [CLIENT] [INFO] [CHAT] You are too tired to use that ability again. (212s)
Client> 2013-07-03 17:13:16 [CLIENT] [INFO] [CHAT] dragonslayer4480 was shot by Skeleton
Client> Setting up custom skins
Client> 2013-07-03 17:13:20 [CLIENT] [INFO] [CHAT] You are too tired to use that ability again. (204s)
Client> 2013-07-03 17:13:20 [CLIENT] [INFO] [CHAT] You are too tired to use that ability again. (204s)
Client> 2013-07-03 17:13:46 [CLIENT] [INFO] [CHAT] dragonslayer4480 was shot by Skeleton
Client> Setting up custom skins
Client> 2013-07-03 17:14:04 [CLIENT] [INFO] [CHAT] Swords skill increased by 1. Total (1)
Client> 2013-07-03 17:14:06 [CLIENT] [INFO] [CHAT] **YOU READY YOUR SWORD**
Client> 2013-07-03 17:14:08 [CLIENT] [INFO] [CHAT] **SERRATED STRIKES ACTIVATED**
Client> 2013-07-03 17:14:10 [CLIENT] [INFO] [CHAT] **Serrated Strikes has worn off**
Client> 2013-07-03 17:14:22 [CLIENT] [INFO] [CHAT] dragonslayer4480 was shot by Skeleton
Client> Setting up custom skins
Client> 2013-07-03 17:14:36 [CLIENT] [INFO] [CHAT] dragonslayer4480 was slain by Enderman
Client> Setting up custom skins
Client> 2013-07-03 17:14:40 [CLIENT] [INFO] [CHAT] Swords skill increased by 1. Total (2)
Client> 2013-07-03 17:14:44 [CLIENT] [INFO] [CHAT] Use the /back command to return to your death point.
Client> 2013-07-03 17:14:44 [CLIENT] [INFO] [CHAT] Hostbot_ was shot by Skeleton
Client> Setting up custom skins
Client> Setting up custom skins
Client> Setting up custom skins
Client> Setting up custom skins
Client> 2013-07-03 17:16:44 [CLIENT] [INFO] [CHAT] Your Berserk ability is refreshed!
Client> 2013-07-03 17:16:48 [CLIENT] [SEVERE] Reached end of stream for /68.193.204.138
Client> 2013-07-03 17:16:49 [CLIENT] [INFO] Stopping!
Client> 
Client> SoundSystem shutting down...
Client>     Author: Paul Lamb, www.paulscode.com
Client> 
Jul 03, 2013 5:16:50 PM net.minecraft.launcher.process.ProcessMonitorThread run
SEVERE: null
java.io.IOException: Stream closed
	at java.io.BufferedReader.ensureOpen(BufferedReader.java:115)
	at java.io.BufferedReader.readLine(BufferedReader.java:310)
	at java.io.BufferedReader.readLine(BufferedReader.java:382)
	at net.minecraft.launcher.process.ProcessMonitorThread.run(ProcessMonitorThread.java:26)

Jul 03, 2013 5:16:50 PM net.minecraft.launcher.process.ProcessMonitorThread run
SEVERE: null
java.io.IOException: Stream closed
	at java.io.BufferedReader.ensureOpen(BufferedReader.java:115)
	at java.io.BufferedReader.readLine(BufferedReader.java:310)
	at java.io.BufferedReader.readLine(BufferedReader.java:382)
	at net.minecraft.launcher.process.ProcessMonitorThread.run(ProcessMonitorThread.java:26)

Jul 03, 2013 5:16:50 PM net.minecraft.launcher.process.ProcessMonitorThread run
SEVERE: null
java.io.IOException: Stream closed
	at java.io.BufferedReader.ensureOpen(BufferedReader.java:115)
	at java.io.BufferedReader.readLine(BufferedReader.java:310)
	at java.io.BufferedReader.readLine(BufferedReader.java:382)
	at net.minecraft.launcher.process.ProcessMonitorThread.run(ProcessMonitorThread.java:26)

Jul 03, 2013 5:16:50 PM net.minecraft.launcher.process.ProcessMonitorThread run
SEVERE: null
java.io.IOException: Stream closed
	at java.io.BufferedReader.ensureOpen(BufferedReader.java:115)
	at java.io.BufferedReader.readLine(BufferedReader.java:310)
	at java.io.BufferedReader.readLine(BufferedReader.java:382)
	at net.minecraft.launcher.process.ProcessMonitorThread.run(ProcessMonitorThread.java:26)

Jul 03, 2013 5:16:50 PM net.minecraft.launcher.process.ProcessMonitorThread run
SEVERE: null
java.io.IOException: Stream closed
	at java.io.BufferedReader.ensureOpen(BufferedReader.java:115)
	at java.io.BufferedReader.readLine(BufferedReader.java:310)
	at java.io.BufferedReader.readLine(BufferedReader.java:382)
	at net.minecraft.launcher.process.ProcessMonitorThread.run(ProcessMonitorThread.java:26)

Jul 03, 2013 5:16:50 PM net.minecraft.launcher.process.ProcessMonitorThread run
SEVERE: null
java.io.IOException: Stream closed
	at java.io.BufferedReader.ensureOpen(BufferedReader.java:115)
	at java.io.BufferedReader.readLine(BufferedReader.java:310)
	at java.io.BufferedReader.readLine(BufferedReader.java:382)
	at net.minecraft.launcher.process.ProcessMonitorThread.run(ProcessMonitorThread.java:26)

Jul 03, 2013 5:16:50 PM net.minecraft.launcher.process.ProcessMonitorThread run
SEVERE: null
java.io.IOException: Stream closed
	at java.io.BufferedReader.ensureOpen(BufferedReader.java:115)
	at java.io.BufferedReader.readLine(BufferedReader.java:310)
	at java.io.BufferedReader.readLine(BufferedReader.java:382)
	at net.minecraft.launcher.process.ProcessMonitorThread.run(ProcessMonitorThread.java:26)

Jul 03, 2013 5:16:50 PM net.minecraft.launcher.process.ProcessMonitorThread run
SEVERE: null
java.io.IOException: Stream closed
	at java.io.BufferedReader.ensureOpen(BufferedReader.java:115)
	at java.io.BufferedReader.readLine(BufferedReader.java:310)
	at java.io.BufferedReader.readLine(BufferedReader.java:382)
	at net.minecraft.launcher.process.ProcessMonitorThread.run(ProcessMonitorThread.java:26)

Jul 03, 2013 5:16:50 PM net.minecraft.launcher.process.ProcessMonitorThread run
SEVERE: null
java.io.IOException: Stream closed
	at java.io.BufferedReader.ensureOpen(BufferedReader.java:115)
	at java.io.BufferedReader.readLine(BufferedReader.java:310)
	at java.io.BufferedReader.readLine(BufferedReader.java:382)
	at net.minecraft.launcher.process.ProcessMonitorThread.run(ProcessMonitorThread.java:26)

Jul 03, 2013 5:16:50 PM net.minecraft.launcher.process.ProcessMonitorThread run
SEVERE: null
java.io.IOException: Stream closed
	at java.io.BufferedReader.ensureOpen(BufferedReader.java:115)
	at java.io.BufferedReader.readLine(BufferedReader.java:310)
	at java.io.BufferedReader.readLine(BufferedReader.java:382)
	at net.minecraft.launcher.process.ProcessMonitorThread.run(ProcessMonitorThread.java:26)

Jul 03, 2013 5:16:50 PM net.minecraft.launcher.process.ProcessMonitorThread run
SEVERE: null
java.io.IOException: Stream closed
	at java.io.BufferedReader.ensureOpen(BufferedReader.java:115)
	at java.io.BufferedReader.readLine(BufferedReader.java:310)
	at java.io.BufferedReader.readLine(BufferedReader.java:382)
	at net.minecraft.launcher.process.ProcessMonitorThread.run(ProcessMonitorThread.java:26)

Jul 03, 2013 5:16:50 PM net.minecraft.launcher.process.ProcessMonitorThread run
SEVERE: null
java.io.IOException: Stream closed
	at java.io.BufferedReader.ensureOpen(BufferedReader.java:115)
	at java.io.BufferedReader.readLine(BufferedReader.java:310)
	at java.io.BufferedReader.readLine(BufferedReader.java:382)
	at net.minecraft.launcher.process.ProcessMonitorThread.run(ProcessMonitorThread.java:26)

Jul 03, 2013 5:16:50 PM net.minecraft.launcher.process.ProcessMonitorThread run
SEVERE: null
java.io.IOException: Stream closed
	at java.io.BufferedReader.ensureOpen(BufferedReader.java:115)
	at java.io.BufferedReader.readLine(BufferedReader.java:310)
	at java.io.BufferedReader.readLine(BufferedReader.java:382)
	at net.minecraft.launcher.process.ProcessMonitorThread.run(ProcessMonitorThread.java:26)

Jul 03, 2013 5:16:50 PM net.minecraft.launcher.process.ProcessMonitorThread run
SEVERE: null
java.io.IOException: Stream closed
	at java.io.BufferedReader.ensureOpen(BufferedReader.java:115)
	at java.io.BufferedReader.readLine(BufferedReader.java:310)
	at java.io.BufferedReader.readLine(BufferedReader.java:382)
	at net.minecraft.launcher.process.ProcessMonitorThread.run(ProcessMonitorThread.java:26)

Jul 03, 2013 5:16:50 PM net.minecraft.launcher.process.ProcessMonitorThread run
SEVERE: null
java.io.IOException: Stream closed
	at java.io.BufferedReader.ensureOpen(BufferedReader.java:115)
	at java.io.BufferedReader.readLine(BufferedReader.java:310)
	at java.io.BufferedReader.readLine(BufferedReader.java:382)
	at net.minecraft.launcher.process.ProcessMonitorThread.run(ProcessMonitorThread.java:26)

Jul 03, 2013 5:16:50 PM net.minecraft.launcher.process.ProcessMonitorThread run
SEVERE: null
java.io.IOException: Stream closed
	at java.io.BufferedReader.ensureOpen(BufferedReader.java:115)
	at java.io.BufferedReader.readLine(BufferedReader.java:310)
	at java.io.BufferedReader.readLine(BufferedReader.java:382)
	at net.minecraft.launcher.process.ProcessMonitorThread.run(ProcessMonitorThread.java:26)

Jul 03, 2013 5:16:50 PM net.minecraft.launcher.process.ProcessMonitorThread run
SEVERE: null
java.io.IOException: Stream closed
	at java.io.BufferedReader.ensureOpen(BufferedReader.java:115)
	at java.io.BufferedReader.readLine(BufferedReader.java:310)
	at java.io.BufferedReader.readLine(BufferedReader.java:382)
	at net.minecraft.launcher.process.ProcessMonitorThread.run(ProcessMonitorThread.java:26)

Jul 03, 2013 5:16:50 PM net.minecraft.launcher.process.ProcessMonitorThread run
SEVERE: null
java.io.IOException: Stream closed
	at java.io.BufferedReader.ensureOpen(BufferedReader.java:115)
	at java.io.BufferedReader.readLine(BufferedReader.java:310)
	at java.io.BufferedReader.readLine(BufferedReader.java:382)
	at net.minecraft.launcher.process.ProcessMonitorThread.run(ProcessMonitorThread.java:26)

Jul 03, 2013 5:16:50 PM net.minecraft.launcher.process.ProcessMonitorThread run
SEVERE: null
java.io.IOException: Stream closed
	at java.io.BufferedReader.ensureOpen(BufferedReader.java:115)
	at java.io.BufferedReader.readLine(BufferedReader.java:310)
	at java.io.BufferedReader.readLine(BufferedReader.java:382)
	at net.minecraft.launcher.process.ProcessMonitorThread.run(ProcessMonitorThread.java:26)

Jul 03, 2013 5:16:50 PM net.minecraft.launcher.process.ProcessMonitorThread run
SEVERE: null
java.io.IOException: Stream closed
	at java.io.BufferedReader.ensureOpen(BufferedReader.java:115)
	at java.io.BufferedReader.readLine(BufferedReader.java:310)
	at java.io.BufferedReader.readLine(BufferedReader.java:382)
	at net.minecraft.launcher.process.ProcessMonitorThread.run(ProcessMonitorThread.java:26)

Jul 03, 2013 5:16:50 PM net.minecraft.launcher.process.ProcessMonitorThread run
SEVERE: null
java.io.IOException: Stream closed
	at java.io.BufferedReader.ensureOpen(BufferedReader.java:115)
	at java.io.BufferedReader.readLine(BufferedReader.java:310)
	at java.io.BufferedReader.readLine(BufferedReader.java:382)
	at net.minecraft.launcher.process.ProcessMonitorThread.run(ProcessMonitorThread.java:26)

Game ended with no troubles detected (exit code 0)
Deleting /home/eric/.minecraft/versions/1.6.1/1.6.1-natives-34093529831325
